2024-10-13 10:51:43,558 - INFO - Start update 20241013...
2024-10-13 10:51:43,635 - WARNING - Failed to retrieve institutional investor data for 20241013. API Response: 很抱歉，沒有符合條件的資料!
2024-10-13 10:51:43,699 - INFO - Successfully retrieved TWSE trading data for 20241001.
2024-10-13 10:51:43,703 - INFO - 無新增資料，tx_closed_data.csv 檔案未變更。
2024-10-13 10:51:44,642 - INFO - Successfully extracted 臺股期貨 table data. Total rows: 3.
2024-10-13 10:51:44,649 - INFO - 無新增資料，txf_data.csv 檔案未變更。
2024-10-13 10:51:45,476 - INFO - Successfully extracted 選擇權 table data. Total rows: 3.
2024-10-13 10:51:45,481 - INFO - 無新增資料，txop_data.csv 檔案未變更。
2024-10-13 10:51:45,481 - INFO - End...
2024-10-13 10:51:54,750 - INFO - Start update 20241013...
2024-10-13 10:51:57,916 - WARNING - Failed to retrieve institutional investor data for 20241013. API Response: 很抱歉，沒有符合條件的資料!
2024-10-13 10:51:57,982 - INFO - Successfully retrieved TWSE trading data for 20241001.
2024-10-13 10:51:57,987 - INFO - 無新增資料，tx_closed_data.csv 檔案未變更。
2024-10-13 10:51:58,905 - INFO - Successfully extracted 臺股期貨 table data. Total rows: 3.
2024-10-13 10:51:58,912 - INFO - 無新增資料，txf_data.csv 檔案未變更。
2024-10-13 10:51:59,776 - INFO - Successfully extracted 選擇權 table data. Total rows: 3.
2024-10-13 10:51:59,781 - INFO - 無新增資料，txop_data.csv 檔案未變更。
2024-10-13 10:51:59,782 - INFO - End...
2024-10-13 15:50:02,885 - INFO - Start update 20241013...
2024-10-13 15:50:12,959 - ERROR - Error : institutional investor data : HTTPSConnectionPool(host='www.twse.com.tw', port=443): Read timed out. (read timeout=10)
2024-10-13 15:50:43,513 - INFO - Successfully retrieved TWSE trading data for 20241001.
2024-10-13 15:50:43,526 - INFO - 無新增資料，tx_closed_data.csv 檔案未變更。
2024-10-13 15:50:44,450 - INFO - Successfully extracted 臺股期貨 table data. Total rows: 3.
2024-10-13 15:50:44,461 - INFO - 無新增資料，txf_data.csv 檔案未變更。
2024-10-13 15:50:45,307 - INFO - Successfully extracted 選擇權 table data. Total rows: 3.
2024-10-13 15:50:45,320 - INFO - 無新增資料，txop_data.csv 檔案未變更。
2024-10-13 15:50:45,320 - INFO - End...
2024-10-14 15:50:03,048 - INFO - Start update 20241014...
2024-10-14 15:50:03,162 - ERROR - Error : institutional investor data : ('Connection aborted.', RemoteDisconnected('Remote end closed connection without response'))
2024-10-14 15:50:03,233 - ERROR - Error : TWSE closed trading data : ('Connection aborted.', RemoteDisconnected('Remote end closed connection without response'))
2024-10-14 15:50:04,147 - INFO - Successfully extracted 臺股期貨 table data. Total rows: 3.
2024-10-14 15:50:04,199 - INFO - 新增了 3 筆資料並更新至 txf_data.csv
2024-10-14 15:50:05,073 - INFO - Successfully extracted 選擇權 table data. Total rows: 3.
2024-10-14 15:50:05,107 - INFO - 新增了 3 筆資料並更新至 txop_data.csv
2024-10-14 15:50:05,107 - INFO - End...
2024-10-14 15:56:10,280 - INFO - Start update 20241014...
2024-10-14 15:56:10,378 - INFO - Successfully retrieved institutional investor data for 20241014.
2024-10-14 15:56:10,402 - INFO - 新增了 6 筆資料並更新至 tx_fund_data.csv
2024-10-14 15:56:10,472 - INFO - Successfully retrieved TWSE trading data for 20241001.
2024-10-14 15:56:10,477 - INFO - 新增了 1 筆資料並更新至 tx_closed_data.csv
2024-10-14 15:56:11,536 - INFO - Successfully extracted 臺股期貨 table data. Total rows: 3.
2024-10-14 15:56:11,542 - INFO - 無新增資料，txf_data.csv 檔案未變更。
2024-10-14 15:56:12,382 - INFO - Successfully extracted 選擇權 table data. Total rows: 3.
2024-10-14 15:56:12,388 - INFO - 無新增資料，txop_data.csv 檔案未變更。
2024-10-14 15:56:12,388 - INFO - End...
2024-10-15 15:50:03,460 - INFO - Start update 20241015...
2024-10-15 15:50:13,591 - ERROR - Error : institutional investor data : HTTPSConnectionPool(host='www.twse.com.tw', port=443): Read timed out. (read timeout=10)
2024-10-15 15:50:46,785 - INFO - Successfully retrieved TWSE trading data for 20241001.
2024-10-15 15:50:46,850 - INFO - 新增了 1 筆資料並更新至 tx_closed_data.csv
2024-10-15 15:50:47,983 - INFO - Successfully extracted 臺股期貨 table data. Total rows: 3.
2024-10-15 15:50:48,048 - INFO - 新增了 3 筆資料並更新至 txf_data.csv
2024-10-15 15:50:48,903 - INFO - Successfully extracted 選擇權 table data. Total rows: 3.
2024-10-15 15:50:48,941 - INFO - 新增了 3 筆資料並更新至 txop_data.csv
2024-10-15 15:50:48,941 - INFO - End...
2024-10-16 16:58:08,484 - INFO - Start update 20241016...
2024-10-16 16:58:08,827 - INFO - Successfully retrieved institutional investor data for 20241016.
2024-10-16 16:58:08,895 - INFO - 新增了 6 筆資料並更新至 tx_fund_data.csv
2024-10-16 16:58:09,182 - INFO - Successfully retrieved TWSE trading data for 20241001.
2024-10-16 16:58:09,219 - INFO - 新增了 1 筆資料並更新至 tx_closed_data.csv
2024-10-16 16:58:10,215 - INFO - Successfully extracted 臺股期貨 table data. Total rows: 3.
2024-10-16 16:58:10,276 - INFO - 新增了 3 筆資料並更新至 txf_data.csv
2024-10-16 16:58:11,574 - INFO - Successfully extracted 選擇權 table data. Total rows: 3.
2024-10-16 16:58:11,622 - INFO - 新增了 3 筆資料並更新至 txop_data.csv
2024-10-16 16:58:11,622 - INFO - End...
2024-10-17 15:50:07,388 - INFO - Start update 20241017...
2024-10-17 15:50:07,508 - ERROR - Error : institutional investor data : 502 Server Error: Bad Gateway for url: https://www.twse.com.tw/rwd/zh/fund/BFI82U?type=day&dayDate=20241017&response=json
2024-10-17 15:50:07,575 - ERROR - Error : TWSE closed trading data : 502 Server Error: Bad Gateway for url: https://www.twse.com.tw/rwd/zh/afterTrading/FMTQIK?date=20241001&response=json
2024-10-17 15:50:08,676 - INFO - Successfully extracted 臺股期貨 table data. Total rows: 3.
2024-10-17 15:50:08,769 - INFO - 新增了 3 筆資料並更新至 txf_data.csv
2024-10-17 15:50:09,788 - INFO - Successfully extracted 選擇權 table data. Total rows: 3.
2024-10-17 15:50:09,836 - INFO - 新增了 3 筆資料並更新至 txop_data.csv
2024-10-17 15:50:09,837 - INFO - End...
2024-10-17 15:56:03,812 - INFO - Start update 20241017...
2024-10-17 15:56:03,898 - INFO - Successfully retrieved institutional investor data for 20241017.
2024-10-17 15:56:03,910 - INFO - 新增了 6 筆資料並更新至 tx_fund_data.csv
2024-10-17 15:56:03,975 - INFO - Successfully retrieved TWSE trading data for 20241001.
2024-10-17 15:56:03,980 - INFO - 新增了 1 筆資料並更新至 tx_closed_data.csv
2024-10-17 15:56:04,937 - INFO - Successfully extracted 臺股期貨 table data. Total rows: 3.
2024-10-17 15:56:04,943 - INFO - 無新增資料，txf_data.csv 檔案未變更。
2024-10-17 15:56:05,870 - INFO - Successfully extracted 選擇權 table data. Total rows: 3.
2024-10-17 15:56:05,876 - INFO - 無新增資料，txop_data.csv 檔案未變更。
2024-10-17 15:56:05,876 - INFO - End...
2024-10-19 15:50:03,621 - INFO - Start update 20241019...
2024-10-19 15:50:13,961 - ERROR - Error : institutional investor data : HTTPSConnectionPool(host='www.twse.com.tw', port=443): Read timed out. (read timeout=10)
2024-10-19 15:50:44,646 - INFO - Successfully retrieved TWSE trading data for 20241001.
2024-10-19 15:50:44,676 - INFO - 新增了 1 筆資料並更新至 tx_closed_data.csv
2024-10-19 15:50:45,394 - INFO - Successfully extracted 臺股期貨 table data. Total rows: 3.
2024-10-19 15:50:45,420 - INFO - 新增了 3 筆資料並更新至 txf_data.csv
2024-10-19 15:50:45,964 - INFO - Successfully extracted 選擇權 table data. Total rows: 3.
2024-10-19 15:50:45,979 - INFO - 新增了 3 筆資料並更新至 txop_data.csv
2024-10-19 15:50:45,980 - INFO - End...
2024-10-20 15:50:06,918 - INFO - Start update 20241020...
2024-10-20 15:50:17,255 - ERROR - Error : institutional investor data : HTTPSConnectionPool(host='www.twse.com.tw', port=443): Read timed out. (read timeout=10)
2024-10-20 15:50:44,368 - INFO - Successfully retrieved TWSE trading data for 20241001.
2024-10-20 15:50:44,405 - INFO - 無新增資料，tx_closed_data.csv 檔案未變更。
2024-10-20 15:50:45,109 - INFO - Successfully extracted 臺股期貨 table data. Total rows: 3.
2024-10-20 15:50:45,132 - INFO - 無新增資料，txf_data.csv 檔案未變更。
2024-10-20 15:50:45,682 - INFO - Successfully extracted 選擇權 table data. Total rows: 3.
2024-10-20 15:50:45,705 - INFO - 無新增資料，txop_data.csv 檔案未變更。
2024-10-20 15:50:45,705 - INFO - End...
2024-10-21 15:50:06,957 - INFO - Start update 20241021...
2024-10-21 15:50:20,365 - ERROR - Error : institutional investor data : HTTPSConnectionPool(host='www.twse.com.tw', port=443): Read timed out. (read timeout=10)
2024-10-21 15:50:47,028 - INFO - Successfully retrieved TWSE trading data for 20241001.
2024-10-21 15:50:47,077 - INFO - 新增了 1 筆資料並更新至 tx_closed_data.csv
2024-10-21 15:50:47,784 - INFO - Successfully extracted 臺股期貨 table data. Total rows: 3.
2024-10-21 15:50:47,814 - INFO - 新增了 3 筆資料並更新至 txf_data.csv
2024-10-21 15:50:48,396 - INFO - Successfully extracted 選擇權 table data. Total rows: 3.
2024-10-21 15:50:48,420 - INFO - 新增了 3 筆資料並更新至 txop_data.csv
2024-10-21 15:50:48,420 - INFO - End...
2024-10-21 15:55:38,079 - INFO - Start update 20241021...
2024-10-21 15:55:38,447 - INFO - Successfully retrieved institutional investor data for 20241021.
2024-10-21 15:55:38,469 - INFO - 新增了 6 筆資料並更新至 tx_fund_data.csv
2024-10-21 15:55:38,762 - INFO - Successfully retrieved TWSE trading data for 20241001.
2024-10-21 15:55:38,766 - INFO - 無新增資料，tx_closed_data.csv 檔案未變更。
2024-10-21 15:55:39,445 - INFO - Successfully extracted 臺股期貨 table data. Total rows: 3.
2024-10-21 15:55:39,451 - INFO - 無新增資料，txf_data.csv 檔案未變更。
2024-10-21 15:55:40,042 - INFO - Successfully extracted 選擇權 table data. Total rows: 3.
2024-10-21 15:55:40,048 - INFO - 無新增資料，txop_data.csv 檔案未變更。
2024-10-21 15:55:40,048 - INFO - End...
2024-10-22 15:50:03,595 - INFO - Start update 20241022...
2024-10-22 15:50:04,004 - ERROR - Error : institutional investor data : ('Connection aborted.', RemoteDisconnected('Remote end closed connection without response'))
2024-10-22 15:50:04,360 - ERROR - Error : TWSE closed trading data : ('Connection aborted.', RemoteDisconnected('Remote end closed connection without response'))
2024-10-22 15:50:05,107 - INFO - Successfully extracted 臺股期貨 table data. Total rows: 3.
2024-10-22 15:50:05,182 - INFO - 新增了 3 筆資料並更新至 txf_data.csv
2024-10-22 15:50:05,828 - INFO - Successfully extracted 選擇權 table data. Total rows: 3.
2024-10-22 15:50:05,883 - INFO - 新增了 3 筆資料並更新至 txop_data.csv
2024-10-22 15:50:05,883 - INFO - End...
2024-10-22 17:40:12,660 - INFO - Start update 20241022...
2024-10-22 17:40:13,028 - INFO - Successfully retrieved institutional investor data for 20241022.
2024-10-22 17:40:13,422 - INFO - 新增了 6 筆資料並更新至 tx_fund_data.csv
2024-10-22 17:40:16,977 - INFO - Successfully retrieved TWSE trading data for 20241001.
2024-10-22 17:40:16,982 - INFO - 新增了 1 筆資料並更新至 tx_closed_data.csv
2024-10-22 17:40:17,747 - INFO - Successfully extracted 臺股期貨 table data. Total rows: 3.
2024-10-22 17:40:17,753 - INFO - 無新增資料，txf_data.csv 檔案未變更。
2024-10-22 17:40:18,464 - INFO - Successfully extracted 選擇權 table data. Total rows: 3.
2024-10-22 17:40:18,470 - INFO - 無新增資料，txop_data.csv 檔案未變更。
2024-10-22 17:40:18,470 - INFO - End...
2024-10-24 00:56:47,432 - INFO - Start update 20241024...
2024-10-24 00:56:47,564 - WARNING - Failed to retrieve institutional investor data for 20241024. API Response: 很抱歉，沒有符合條件的資料!
2024-10-24 00:56:47,628 - INFO - Successfully retrieved TWSE trading data for 20241001.
2024-10-24 00:56:47,654 - INFO - 新增了 1 筆資料並更新至 tx_closed_data.csv
2024-10-24 00:56:48,106 - INFO - Successfully extracted 臺股期貨 table data. Total rows: 3.
2024-10-24 00:56:48,169 - INFO - 新增了 3 筆資料並更新至 txf_data.csv
2024-10-24 00:56:48,839 - INFO - Successfully extracted 選擇權 table data. Total rows: 3.
2024-10-24 00:56:48,872 - INFO - 新增了 3 筆資料並更新至 txop_data.csv
2024-10-24 00:56:48,872 - INFO - End...
2024-10-24 15:50:03,711 - INFO - Start update 20241024...
2024-10-24 15:50:03,919 - ERROR - Error : institutional investor data : ('Connection aborted.', RemoteDisconnected('Remote end closed connection without response'))
2024-10-24 15:50:04,051 - ERROR - Error : TWSE closed trading data : ('Connection aborted.', RemoteDisconnected('Remote end closed connection without response'))
2024-10-24 15:50:04,528 - INFO - Successfully extracted 臺股期貨 table data. Total rows: 3.
2024-10-24 15:50:04,581 - INFO - 新增了 3 筆資料並更新至 txf_data.csv
2024-10-24 15:50:04,946 - INFO - Successfully extracted 選擇權 table data. Total rows: 3.
2024-10-24 15:50:04,985 - INFO - 新增了 3 筆資料並更新至 txop_data.csv
2024-10-24 15:50:04,986 - INFO - End...
2024-10-24 16:35:17,224 - INFO - Start update 20241024...
2024-10-24 16:35:17,532 - INFO - Successfully retrieved institutional investor data for 20241024.
2024-10-24 16:35:17,543 - INFO - 新增了 6 筆資料並更新至 tx_fund_data.csv
2024-10-24 16:35:18,843 - INFO - Successfully retrieved TWSE trading data for 20241001.
2024-10-24 16:35:18,848 - INFO - 新增了 1 筆資料並更新至 tx_closed_data.csv
2024-10-24 16:35:19,554 - INFO - Successfully extracted 臺股期貨 table data. Total rows: 3.
2024-10-24 16:35:19,560 - INFO - 無新增資料，txf_data.csv 檔案未變更。
2024-10-24 16:35:19,942 - INFO - Successfully extracted 選擇權 table data. Total rows: 3.
2024-10-24 16:35:20,078 - INFO - 無新增資料，txop_data.csv 檔案未變更。
2024-10-24 16:35:20,078 - INFO - End...
2024-10-26 15:50:07,224 - INFO - Start update 20241026...
2024-10-26 15:50:17,328 - ERROR - Error : institutional investor data : HTTPSConnectionPool(host='www.twse.com.tw', port=443): Read timed out. (read timeout=10)
2024-10-26 15:50:44,101 - INFO - Successfully retrieved TWSE trading data for 20241001.
2024-10-26 15:50:44,136 - INFO - 新增了 1 筆資料並更新至 tx_closed_data.csv
2024-10-26 15:50:44,643 - INFO - Successfully extracted 臺股期貨 table data. Total rows: 3.
2024-10-26 15:50:44,667 - INFO - 新增了 3 筆資料並更新至 txf_data.csv
2024-10-26 15:50:45,184 - INFO - Successfully extracted 選擇權 table data. Total rows: 3.
2024-10-26 15:50:45,200 - INFO - 新增了 3 筆資料並更新至 txop_data.csv
2024-10-26 15:50:45,200 - INFO - End...
2024-10-26 15:55:33,362 - INFO - Start update 20241026...
2024-10-26 15:55:33,442 - WARNING - Failed to retrieve institutional investor data for 20241026. API Response: 很抱歉，沒有符合條件的資料!
2024-10-26 15:55:33,505 - INFO - Successfully retrieved TWSE trading data for 20241001.
2024-10-26 15:55:33,510 - INFO - 無新增資料，tx_closed_data.csv 檔案未變更。
2024-10-26 15:55:34,178 - INFO - Successfully extracted 臺股期貨 table data. Total rows: 3.
2024-10-26 15:55:34,184 - INFO - 無新增資料，txf_data.csv 檔案未變更。
2024-10-26 15:55:34,762 - INFO - Successfully extracted 選擇權 table data. Total rows: 3.
2024-10-26 15:55:34,767 - INFO - 無新增資料，txop_data.csv 檔案未變更。
2024-10-26 15:55:34,767 - INFO - End...
2024-10-26 15:56:25,633 - INFO - Start update 20241026...
2024-10-26 15:56:25,738 - INFO - Successfully retrieved institutional investor data for 20241025.
2024-10-26 15:56:25,749 - INFO - 新增了 6 筆資料並更新至 tx_fund_data.csv
2024-10-26 15:56:25,842 - INFO - Successfully retrieved TWSE trading data for 20241001.
2024-10-26 15:56:25,846 - INFO - 無新增資料，tx_closed_data.csv 檔案未變更。
2024-10-26 15:56:26,634 - INFO - Successfully extracted 臺股期貨 table data. Total rows: 3.
2024-10-26 15:56:26,640 - INFO - 無新增資料，txf_data.csv 檔案未變更。
2024-10-26 15:56:27,060 - INFO - Successfully extracted 選擇權 table data. Total rows: 3.
2024-10-26 15:56:27,066 - INFO - 無新增資料，txop_data.csv 檔案未變更。
2024-10-26 15:56:27,066 - INFO - End...
2024-10-27 15:50:07,175 - INFO - Start update 20241027...
2024-10-27 15:50:17,298 - ERROR - Error : institutional investor data : HTTPSConnectionPool(host='www.twse.com.tw', port=443): Read timed out. (read timeout=10)
2024-10-27 15:50:43,122 - INFO - Successfully retrieved TWSE trading data for 20241001.
2024-10-27 15:50:43,170 - INFO - 無新增資料，tx_closed_data.csv 檔案未變更。
2024-10-27 15:50:43,638 - INFO - Successfully extracted 臺股期貨 table data. Total rows: 3.
2024-10-27 15:50:43,677 - INFO - 無新增資料，txf_data.csv 檔案未變更。
2024-10-27 15:50:44,021 - INFO - Successfully extracted 選擇權 table data. Total rows: 3.
2024-10-27 15:50:44,043 - INFO - 無新增資料，txop_data.csv 檔案未變更。
2024-10-27 15:50:44,043 - INFO - End...
2024-10-28 15:49:54,876 - INFO - Start update 20241028...
2024-10-28 15:49:55,013 - INFO - Successfully retrieved institutional investor data for 20241028.
2024-10-28 15:49:55,104 - INFO - 新增了 6 筆資料並更新至 tx_fund_data.csv
2024-10-28 15:49:55,194 - INFO - Successfully retrieved TWSE trading data for 20241001.
2024-10-28 15:49:55,225 - INFO - 新增了 1 筆資料並更新至 tx_closed_data.csv
2024-10-28 15:49:56,149 - INFO - Successfully extracted 臺股期貨 table data. Total rows: 3.
2024-10-28 15:49:56,179 - INFO - 新增了 3 筆資料並更新至 txf_data.csv
2024-10-28 15:49:56,605 - INFO - Successfully extracted 選擇權 table data. Total rows: 3.
2024-10-28 15:49:56,621 - INFO - 新增了 3 筆資料並更新至 txop_data.csv
2024-10-28 15:49:56,621 - INFO - End...
2024-10-28 15:50:02,071 - INFO - Start update 20241028...
2024-10-28 15:50:02,182 - INFO - Successfully retrieved institutional investor data for 20241028.
2024-10-28 15:50:02,194 - INFO - 無新增資料，tx_fund_data.csv 檔案未變更。
2024-10-28 15:50:02,285 - INFO - Successfully retrieved TWSE trading data for 20241001.
2024-10-28 15:50:02,295 - INFO - 無新增資料，tx_closed_data.csv 檔案未變更。
2024-10-28 15:50:03,038 - INFO - Successfully extracted 臺股期貨 table data. Total rows: 3.
2024-10-28 15:50:03,051 - INFO - 無新增資料，txf_data.csv 檔案未變更。
2024-10-28 15:50:03,800 - INFO - Successfully extracted 選擇權 table data. Total rows: 3.
2024-10-28 15:50:03,812 - INFO - 無新增資料，txop_data.csv 檔案未變更。
2024-10-28 15:50:03,812 - INFO - End...
2024-10-29 22:41:02,656 - INFO - Start update 20241029...
2024-10-29 22:41:02,784 - INFO - Successfully retrieved institutional investor data for 20241029.
2024-10-29 22:41:02,845 - INFO - 新增了 6 筆資料並更新至 tx_fund_data.csv
2024-10-29 22:41:02,921 - INFO - Successfully retrieved TWSE trading data for 20241001.
2024-10-29 22:41:02,953 - INFO - 新增了 1 筆資料並更新至 tx_closed_data.csv
2024-10-29 22:41:03,690 - INFO - Successfully extracted 臺股期貨 table data. Total rows: 3.
2024-10-29 22:41:03,734 - INFO - 新增了 3 筆資料並更新至 txf_data.csv
2024-10-29 22:41:04,414 - INFO - Successfully extracted 選擇權 table data. Total rows: 3.
2024-10-29 22:41:04,492 - INFO - 新增了 3 筆資料並更新至 txop_data.csv
2024-10-29 22:41:04,492 - INFO - End...
2024-10-31 15:50:03,433 - INFO - Start update 20241031...
2024-10-31 15:50:03,710 - ERROR - Error : institutional investor data : 502 Server Error: Bad Gateway for url: https://www.twse.com.tw/rwd/zh/fund/BFI82U?type=day&dayDate=20241031&response=json
2024-10-31 15:50:03,773 - ERROR - Error : TWSE closed trading data : 502 Server Error: Bad Gateway for url: https://www.twse.com.tw/rwd/zh/afterTrading/FMTQIK?date=20241001&response=json
2024-10-31 15:50:04,587 - INFO - Successfully extracted 臺股期貨 table data. Total rows: 3.
2024-10-31 15:50:04,646 - INFO - 新增了 3 筆資料並更新至 txf_data.csv
2024-10-31 15:50:05,131 - INFO - Successfully extracted 選擇權 table data. Total rows: 3.
2024-10-31 15:50:05,216 - INFO - 新增了 3 筆資料並更新至 txop_data.csv
2024-10-31 15:50:05,216 - INFO - End...
2024-11-04 15:50:07,477 - INFO - Start update 20241104...
2024-11-04 15:50:17,589 - ERROR - Error : institutional investor data : HTTPSConnectionPool(host='www.twse.com.tw', port=443): Read timed out. (read timeout=10)
2024-11-04 15:50:49,489 - INFO - Successfully retrieved TWSE trading data for 20241101.
2024-11-04 15:50:49,532 - INFO - 新增了 2 筆資料並更新至 tx_closed_data.csv
2024-11-04 15:50:50,341 - INFO - Successfully extracted 臺股期貨 table data. Total rows: 3.
2024-11-04 15:50:50,366 - INFO - 新增了 3 筆資料並更新至 txf_data.csv
2024-11-04 15:50:50,907 - INFO - Successfully extracted 選擇權 table data. Total rows: 3.
2024-11-04 15:50:50,923 - INFO - 新增了 3 筆資料並更新至 txop_data.csv
2024-11-04 15:50:50,923 - INFO - End...
2024-11-05 15:50:03,717 - INFO - Start update 20241105...
2024-11-05 15:50:03,837 - ERROR - Error : institutional investor data : 502 Server Error: Bad Gateway for url: https://www.twse.com.tw/rwd/zh/fund/BFI82U?type=day&dayDate=20241105&response=json
2024-11-05 15:50:03,904 - ERROR - Error : TWSE closed trading data : 502 Server Error: Bad Gateway for url: https://www.twse.com.tw/rwd/zh/afterTrading/FMTQIK?date=20241101&response=json
2024-11-05 15:50:04,319 - INFO - Successfully extracted 臺股期貨 table data. Total rows: 3.
2024-11-05 15:50:04,385 - INFO - 新增了 3 筆資料並更新至 txf_data.csv
2024-11-05 15:50:05,074 - INFO - Successfully extracted 選擇權 table data. Total rows: 3.
2024-11-05 15:50:05,104 - INFO - 新增了 3 筆資料並更新至 txop_data.csv
2024-11-05 15:50:05,104 - INFO - End...
2024-11-05 15:57:30,330 - INFO - Start update 20241105...
2024-11-05 15:57:30,420 - INFO - Successfully retrieved institutional investor data for 20241105.
2024-11-05 15:57:30,433 - INFO - 新增了 6 筆資料並更新至 tx_fund_data.csv
2024-11-05 15:57:30,515 - INFO - Successfully retrieved TWSE trading data for 20241101.
2024-11-05 15:57:30,531 - INFO - 新增了 1 筆資料並更新至 tx_closed_data.csv
2024-11-05 15:57:30,967 - INFO - Successfully extracted 臺股期貨 table data. Total rows: 3.
2024-11-05 15:57:30,974 - INFO - 無新增資料，txf_data.csv 檔案未變更。
2024-11-05 15:57:31,313 - INFO - Successfully extracted 選擇權 table data. Total rows: 3.
2024-11-05 15:57:31,319 - INFO - 無新增資料，txop_data.csv 檔案未變更。
2024-11-05 15:57:31,319 - INFO - End...
2024-11-05 15:57:57,841 - INFO - Start update 20241105...
2024-11-05 15:58:00,992 - INFO - Successfully retrieved institutional investor data for 20241105.
2024-11-05 15:58:01,006 - INFO - 無新增資料，tx_fund_data.csv 檔案未變更。
2024-11-05 15:58:01,068 - INFO - Successfully retrieved TWSE trading data for 20241101.
2024-11-05 15:58:01,077 - INFO - 無新增資料，tx_closed_data.csv 檔案未變更。
2024-11-05 15:58:01,773 - INFO - Successfully extracted 臺股期貨 table data. Total rows: 3.
2024-11-05 15:58:01,779 - INFO - 無新增資料，txf_data.csv 檔案未變更。
2024-11-05 15:58:02,350 - INFO - Successfully extracted 選擇權 table data. Total rows: 3.
2024-11-05 15:58:02,356 - INFO - 無新增資料，txop_data.csv 檔案未變更。
2024-11-05 15:58:02,356 - INFO - End...
2024-11-07 17:15:17,325 - INFO - Start update 20241107...
2024-11-07 17:15:17,449 - INFO - Successfully retrieved institutional investor data for 20241107.
2024-11-07 17:15:17,522 - INFO - 新增了 6 筆資料並更新至 tx_fund_data.csv
2024-11-07 17:15:17,616 - INFO - Successfully retrieved TWSE trading data for 20241101.
2024-11-07 17:15:17,643 - INFO - 新增了 2 筆資料並更新至 tx_closed_data.csv
2024-11-07 17:15:18,316 - INFO - Successfully extracted 臺股期貨 table data. Total rows: 3.
2024-11-07 17:15:18,349 - INFO - 新增了 3 筆資料並更新至 txf_data.csv
2024-11-07 17:15:18,999 - INFO - Successfully extracted 選擇權 table data. Total rows: 3.
2024-11-07 17:15:19,022 - INFO - 新增了 3 筆資料並更新至 txop_data.csv
2024-11-07 17:15:19,022 - INFO - End...
2024-11-08 20:36:09,622 - INFO - Start update 20241108...
2024-11-08 20:36:09,739 - INFO - Successfully retrieved institutional investor data for 20241108.
2024-11-08 20:36:09,791 - INFO - 新增了 6 筆資料並更新至 tx_fund_data.csv
2024-11-08 20:36:09,869 - INFO - Successfully retrieved TWSE trading data for 20241101.
2024-11-08 20:36:09,881 - INFO - 新增了 1 筆資料並更新至 tx_closed_data.csv
2024-11-08 20:36:10,715 - INFO - Successfully extracted 臺股期貨 table data. Total rows: 3.
2024-11-08 20:36:10,732 - INFO - 新增了 3 筆資料並更新至 txf_data.csv
2024-11-08 20:36:11,334 - INFO - Successfully extracted 選擇權 table data. Total rows: 3.
2024-11-08 20:36:11,376 - INFO - 新增了 3 筆資料並更新至 txop_data.csv
2024-11-08 20:36:11,376 - INFO - End...
2024-11-09 15:50:03,283 - INFO - Start update 20241109...
2024-11-09 15:50:03,408 - ERROR - Error : institutional investor data : ('Connection aborted.', RemoteDisconnected('Remote end closed connection without response'))
2024-11-09 15:50:03,460 - ERROR - Error : TWSE closed trading data : ('Connection aborted.', RemoteDisconnected('Remote end closed connection without response'))
2024-11-09 15:50:04,186 - INFO - Successfully extracted 臺股期貨 table data. Total rows: 3.
2024-11-09 15:50:04,221 - INFO - 無新增資料，txf_data.csv 檔案未變更。
2024-11-09 15:50:04,657 - INFO - Successfully extracted 選擇權 table data. Total rows: 3.
2024-11-09 15:50:04,679 - INFO - 無新增資料，txop_data.csv 檔案未變更。
2024-11-09 15:50:04,679 - INFO - End...
2024-11-11 15:50:07,152 - INFO - Start update 20241111...
2024-11-11 15:50:17,274 - ERROR - Error : institutional investor data : HTTPSConnectionPool(host='www.twse.com.tw', port=443): Read timed out. (read timeout=10)
2024-11-11 15:50:47,034 - INFO - Successfully retrieved TWSE trading data for 20241101.
2024-11-11 15:50:47,068 - INFO - 新增了 1 筆資料並更新至 tx_closed_data.csv
2024-11-11 15:50:47,925 - INFO - Successfully extracted 臺股期貨 table data. Total rows: 3.
2024-11-11 15:50:47,952 - INFO - 新增了 3 筆資料並更新至 txf_data.csv
2024-11-11 15:50:48,490 - INFO - Successfully extracted 選擇權 table data. Total rows: 3.
2024-11-11 15:50:48,510 - INFO - 新增了 3 筆資料並更新至 txop_data.csv
2024-11-11 15:50:48,510 - INFO - End...
2024-11-18 15:50:03,685 - INFO - Start update 20241118...
2024-11-18 15:50:13,801 - ERROR - Error : institutional investor data : HTTPSConnectionPool(host='www.twse.com.tw', port=443): Read timed out. (read timeout=10)
2024-11-18 15:50:46,668 - INFO - Successfully retrieved TWSE trading data for 20241101.
2024-11-18 15:50:46,727 - INFO - 新增了 5 筆資料並更新至 tx_closed_data.csv
2024-11-18 15:50:47,393 - INFO - Successfully extracted 臺股期貨 table data. Total rows: 3.
2024-11-18 15:50:47,427 - INFO - 新增了 3 筆資料並更新至 txf_data.csv
2024-11-18 15:50:47,830 - INFO - Successfully extracted 選擇權 table data. Total rows: 3.
2024-11-18 15:50:47,850 - INFO - 新增了 3 筆資料並更新至 txop_data.csv
2024-11-18 15:50:47,850 - INFO - End...
2024-11-19 15:50:03,505 - INFO - Start update 20241119...
2024-11-19 15:50:03,631 - ERROR - Error : institutional investor data : ('Connection aborted.', RemoteDisconnected('Remote end closed connection without response'))
2024-11-19 15:50:03,684 - ERROR - Error : TWSE closed trading data : ('Connection aborted.', RemoteDisconnected('Remote end closed connection without response'))
2024-11-19 15:50:04,306 - INFO - Successfully extracted 臺股期貨 table data. Total rows: 3.
2024-11-19 15:50:04,380 - INFO - 新增了 3 筆資料並更新至 txf_data.csv
2024-11-19 15:50:05,068 - INFO - Successfully extracted 選擇權 table data. Total rows: 3.
2024-11-19 15:50:05,120 - INFO - 新增了 3 筆資料並更新至 txop_data.csv
2024-11-19 15:50:05,120 - INFO - End...
2024-11-20 15:50:06,996 - INFO - Start update 20241120...
2024-11-20 15:50:17,162 - ERROR - Error : institutional investor data : HTTPSConnectionPool(host='www.twse.com.tw', port=443): Read timed out. (read timeout=10)
2024-11-20 15:50:44,191 - WARNING - Failed to retrieve TWSE trading data for 20241101. API Response: 查詢日期小於79年1月4日，請重新查詢!
2024-11-20 15:50:44,960 - INFO - Successfully extracted 臺股期貨 table data. Total rows: 3.
2024-11-20 15:50:45,045 - INFO - 新增了 3 筆資料並更新至 txf_data.csv
2024-11-20 15:50:45,429 - INFO - Successfully extracted 選擇權 table data. Total rows: 3.
2024-11-20 15:50:45,456 - INFO - 新增了 3 筆資料並更新至 txop_data.csv
2024-11-20 15:50:45,456 - INFO - End...
2024-11-21 15:50:04,013 - INFO - Start update 20241121...
2024-11-21 15:50:04,274 - ERROR - Error : institutional investor data : ('Connection aborted.', RemoteDisconnected('Remote end closed connection without response'))
2024-11-21 15:50:04,371 - ERROR - Error : TWSE closed trading data : ('Connection aborted.', RemoteDisconnected('Remote end closed connection without response'))
2024-11-21 15:50:06,117 - INFO - Successfully extracted 臺股期貨 table data. Total rows: 3.
2024-11-21 15:50:06,211 - INFO - 新增了 3 筆資料並更新至 txf_data.csv
2024-11-21 15:50:06,554 - INFO - Successfully extracted 選擇權 table data. Total rows: 3.
2024-11-21 15:50:06,583 - INFO - 新增了 3 筆資料並更新至 txop_data.csv
2024-11-21 15:50:06,583 - INFO - End...
2024-11-25 15:34:02,123 - INFO - Start update 20241125...
2024-11-25 15:34:02,245 - INFO - Successfully retrieved institutional investor data for 20241125.
2024-11-25 15:34:02,277 - INFO - 新增了 6 筆資料並更新至 tx_fund_data.csv
2024-11-25 15:34:02,342 - INFO - Successfully retrieved TWSE trading data for 20241101.
2024-11-25 15:34:02,361 - INFO - 新增了 5 筆資料並更新至 tx_closed_data.csv
2024-11-25 15:34:02,779 - INFO - Successfully extracted 臺股期貨 table data. Total rows: 3.
2024-11-25 15:34:02,820 - INFO - 新增了 3 筆資料並更新至 txf_data.csv
2024-11-25 15:34:03,444 - INFO - Successfully extracted 選擇權 table data. Total rows: 3.
2024-11-25 15:34:03,461 - INFO - 新增了 3 筆資料並更新至 txop_data.csv
2024-11-25 15:34:03,461 - INFO - End...
2024-11-25 15:50:02,024 - INFO - Start update 20241125...
2024-11-25 15:50:02,101 - ERROR - Error : institutional investor data : ('Connection aborted.', RemoteDisconnected('Remote end closed connection without response'))
2024-11-25 15:50:02,157 - ERROR - Error : TWSE closed trading data : ('Connection aborted.', RemoteDisconnected('Remote end closed connection without response'))
2024-11-25 15:50:03,079 - INFO - Successfully extracted 臺股期貨 table data. Total rows: 3.
2024-11-25 15:50:03,088 - INFO - 無新增資料，txf_data.csv 檔案未變更。
2024-11-25 15:50:03,915 - INFO - Successfully extracted 選擇權 table data. Total rows: 3.
2024-11-25 15:50:03,921 - INFO - 無新增資料，txop_data.csv 檔案未變更。
2024-11-25 15:50:03,921 - INFO - End...
2024-11-26 15:40:22,420 - INFO - Start update 20241126...
2024-11-26 15:40:32,532 - ERROR - Error : institutional investor data : HTTPSConnectionPool(host='www.twse.com.tw', port=443): Read timed out. (read timeout=10)
2024-11-26 15:40:48,516 - INFO - Successfully retrieved TWSE trading data for 20241101.
2024-11-26 15:40:48,526 - INFO - 新增了 1 筆資料並更新至 tx_closed_data.csv
2024-11-26 15:40:49,181 - INFO - Successfully extracted 臺股期貨 table data. Total rows: 3.
2024-11-26 15:40:49,193 - INFO - 新增了 3 筆資料並更新至 txf_data.csv
2024-11-26 15:40:49,633 - INFO - Successfully extracted 選擇權 table data. Total rows: 3.
2024-11-26 15:40:49,653 - INFO - 新增了 3 筆資料並更新至 txop_data.csv
2024-11-26 15:40:49,653 - INFO - End...
2024-11-26 15:50:02,043 - INFO - Start update 20241126...
2024-11-26 15:50:02,301 - ERROR - Error : institutional investor data : 502 Server Error: Bad Gateway for url: https://www.twse.com.tw/rwd/zh/fund/BFI82U?type=day&dayDate=20241126&response=json
2024-11-26 15:50:02,360 - ERROR - Error : TWSE closed trading data : 502 Server Error: Bad Gateway for url: https://www.twse.com.tw/rwd/zh/afterTrading/FMTQIK?date=20241101&response=json
2024-11-26 15:50:03,006 - INFO - Successfully extracted 臺股期貨 table data. Total rows: 3.
2024-11-26 15:50:03,021 - INFO - 無新增資料，txf_data.csv 檔案未變更。
2024-11-26 15:50:03,440 - INFO - Successfully extracted 選擇權 table data. Total rows: 3.
2024-11-26 15:50:03,453 - INFO - 無新增資料，txop_data.csv 檔案未變更。
2024-11-26 15:50:03,453 - INFO - End...
2024-11-30 15:50:07,855 - INFO - Start update 20241130...
2024-11-30 15:50:17,973 - ERROR - Error : institutional investor data : HTTPSConnectionPool(host='www.twse.com.tw', port=443): Read timed out. (read timeout=10)
2024-11-30 15:50:48,345 - INFO - Successfully retrieved TWSE trading data for 20241101.
2024-11-30 15:50:48,379 - INFO - 新增了 3 筆資料並更新至 tx_closed_data.csv
2024-11-30 15:50:49,206 - INFO - Successfully extracted 臺股期貨 table data. Total rows: 3.
2024-11-30 15:50:49,239 - INFO - 新增了 3 筆資料並更新至 txf_data.csv
2024-11-30 15:50:49,643 - INFO - Successfully extracted 選擇權 table data. Total rows: 3.
2024-11-30 15:50:49,675 - INFO - 新增了 3 筆資料並更新至 txop_data.csv
2024-11-30 15:50:49,675 - INFO - End...
2024-12-01 15:50:07,327 - INFO - Start update 20241201...
2024-12-01 15:50:07,452 - WARNING - Failed to retrieve institutional investor data for 20241201. API Response: 很抱歉，沒有符合條件的資料!
2024-12-01 15:50:07,523 - WARNING - Failed to retrieve TWSE trading data for 20241201. API Response: 很抱歉，沒有符合條件的資料!
2024-12-01 15:50:08,533 - INFO - Successfully extracted 臺股期貨 table data. Total rows: 3.
2024-12-01 15:50:08,573 - INFO - 無新增資料，txf_data.csv 檔案未變更。
2024-12-01 15:50:09,100 - INFO - Successfully extracted 選擇權 table data. Total rows: 3.
2024-12-01 15:50:09,127 - INFO - 無新增資料，txop_data.csv 檔案未變更。
2024-12-01 15:50:09,127 - INFO - End...
2024-12-02 15:50:08,022 - INFO - Start update 20241202...
2024-12-02 15:50:18,144 - ERROR - Error : institutional investor data : HTTPSConnectionPool(host='www.twse.com.tw', port=443): Read timed out. (read timeout=10)
2024-12-02 15:50:45,149 - INFO - Successfully retrieved TWSE trading data for 20241201.
2024-12-02 15:50:45,209 - INFO - 新增了 1 筆資料並更新至 tx_closed_data.csv
2024-12-02 15:50:45,731 - INFO - Successfully extracted 臺股期貨 table data. Total rows: 3.
2024-12-02 15:50:45,775 - INFO - 新增了 3 筆資料並更新至 txf_data.csv
2024-12-02 15:50:46,393 - INFO - Successfully extracted 選擇權 table data. Total rows: 3.
2024-12-02 15:50:46,433 - INFO - 新增了 3 筆資料並更新至 txop_data.csv
2024-12-02 15:50:46,434 - INFO - End...
2024-12-03 15:50:04,217 - INFO - Start update 20241203...
2024-12-03 15:50:04,325 - ERROR - Error : institutional investor data : ('Connection aborted.', RemoteDisconnected('Remote end closed connection without response'))
2024-12-03 15:50:04,385 - ERROR - Error : TWSE closed trading data : ('Connection aborted.', RemoteDisconnected('Remote end closed connection without response'))
2024-12-03 15:50:04,940 - INFO - Successfully extracted 臺股期貨 table data. Total rows: 3.
2024-12-03 15:50:05,008 - INFO - 新增了 3 筆資料並更新至 txf_data.csv
2024-12-03 15:50:05,397 - INFO - Successfully extracted 選擇權 table data. Total rows: 3.
2024-12-03 15:50:05,442 - INFO - 新增了 3 筆資料並更新至 txop_data.csv
2024-12-03 15:50:05,442 - INFO - End...
2024-12-05 15:50:07,198 - INFO - Start update 20241205...
2024-12-05 15:50:17,308 - ERROR - Error : institutional investor data : HTTPSConnectionPool(host='www.twse.com.tw', port=443): Read timed out. (read timeout=10)
2024-12-05 15:50:46,147 - INFO - Successfully retrieved TWSE trading data for 20241201.
2024-12-05 15:50:46,194 - INFO - 新增了 3 筆資料並更新至 tx_closed_data.csv
2024-12-05 15:50:46,988 - INFO - Successfully extracted 臺股期貨 table data. Total rows: 3.
2024-12-05 15:50:47,016 - INFO - 新增了 3 筆資料並更新至 txf_data.csv
2024-12-05 15:50:47,406 - INFO - Successfully extracted 選擇權 table data. Total rows: 3.
2024-12-05 15:50:47,431 - INFO - 新增了 3 筆資料並更新至 txop_data.csv
2024-12-05 15:50:47,432 - INFO - End...
2024-12-08 15:50:03,749 - INFO - Start update 20241208...
2024-12-08 15:50:03,854 - WARNING - Failed to retrieve institutional investor data for 20241208. API Response: 很抱歉，沒有符合條件的資料!
2024-12-08 15:50:03,957 - INFO - Successfully retrieved TWSE trading data for 20241201.
2024-12-08 15:50:03,988 - INFO - 新增了 1 筆資料並更新至 tx_closed_data.csv
2024-12-08 15:50:04,426 - INFO - Successfully extracted 臺股期貨 table data. Total rows: 3.
2024-12-08 15:50:04,444 - INFO - 新增了 3 筆資料並更新至 txf_data.csv
2024-12-08 15:50:05,050 - INFO - Successfully extracted 選擇權 table data. Total rows: 3.
2024-12-08 15:50:05,071 - INFO - 新增了 3 筆資料並更新至 txop_data.csv
2024-12-08 15:50:05,071 - INFO - End...
2024-12-09 15:50:07,263 - INFO - Start update 20241209...
2024-12-09 15:50:17,392 - ERROR - Error : institutional investor data : HTTPSConnectionPool(host='www.twse.com.tw', port=443): Read timed out. (read timeout=10)
2024-12-09 15:50:47,317 - INFO - Successfully retrieved TWSE trading data for 20241201.
2024-12-09 15:50:47,364 - INFO - 新增了 1 筆資料並更新至 tx_closed_data.csv
2024-12-09 15:50:48,220 - INFO - Successfully extracted 臺股期貨 table data. Total rows: 3.
2024-12-09 15:50:48,239 - INFO - 新增了 3 筆資料並更新至 txf_data.csv
2024-12-09 15:50:48,782 - INFO - Successfully extracted 選擇權 table data. Total rows: 3.
2024-12-09 15:50:48,826 - INFO - 新增了 3 筆資料並更新至 txop_data.csv
2024-12-09 15:50:48,826 - INFO - End...
2024-12-10 15:50:03,399 - INFO - Start update 20241210...
2024-12-10 15:50:03,567 - ERROR - Error : institutional investor data : 502 Server Error: Bad Gateway for url: https://www.twse.com.tw/rwd/zh/fund/BFI82U?type=day&dayDate=20241210&response=json
2024-12-10 15:50:03,633 - ERROR - Error : TWSE closed trading data : 502 Server Error: Bad Gateway for url: https://www.twse.com.tw/rwd/zh/afterTrading/FMTQIK?date=20241201&response=json
2024-12-10 15:50:04,234 - INFO - Successfully extracted 臺股期貨 table data. Total rows: 3.
2024-12-10 15:50:04,285 - INFO - 新增了 3 筆資料並更新至 txf_data.csv
2024-12-10 15:50:04,696 - INFO - Successfully extracted 選擇權 table data. Total rows: 3.
2024-12-10 15:50:04,737 - INFO - 新增了 3 筆資料並更新至 txop_data.csv
2024-12-10 15:50:04,737 - INFO - End...
2024-12-11 15:50:03,831 - INFO - Start update 20241211...
2024-12-11 15:50:13,959 - ERROR - Error : institutional investor data : HTTPSConnectionPool(host='www.twse.com.tw', port=443): Read timed out. (read timeout=10)
2024-12-11 15:50:46,359 - INFO - Successfully retrieved TWSE trading data for 20241201.
2024-12-11 15:50:46,401 - INFO - 新增了 2 筆資料並更新至 tx_closed_data.csv
2024-12-11 15:50:46,948 - INFO - Successfully extracted 臺股期貨 table data. Total rows: 3.
2024-12-11 15:50:46,998 - INFO - 新增了 3 筆資料並更新至 txf_data.csv
2024-12-11 15:50:47,610 - INFO - Successfully extracted 選擇權 table data. Total rows: 3.
2024-12-11 15:50:47,653 - INFO - 新增了 3 筆資料並更新至 txop_data.csv
2024-12-11 15:50:47,654 - INFO - End...
2024-12-12 15:50:08,560 - INFO - Start update 20241212...
2024-12-12 15:50:18,789 - ERROR - Error : institutional investor data : HTTPSConnectionPool(host='www.twse.com.tw', port=443): Read timed out. (read timeout=10)
2024-12-12 15:50:51,317 - INFO - Successfully retrieved TWSE trading data for 20241201.
2024-12-12 15:50:51,374 - INFO - 新增了 1 筆資料並更新至 tx_closed_data.csv
2024-12-12 15:50:51,911 - INFO - Successfully extracted 臺股期貨 table data. Total rows: 3.
2024-12-12 15:50:52,012 - INFO - 新增了 3 筆資料並更新至 txf_data.csv
2024-12-12 15:50:52,865 - INFO - Successfully extracted 選擇權 table data. Total rows: 3.
2024-12-12 15:50:52,916 - INFO - 新增了 3 筆資料並更新至 txop_data.csv
2024-12-12 15:50:52,916 - INFO - End...
2024-12-14 15:50:03,719 - INFO - Start update 20241214...
2024-12-14 15:50:13,871 - ERROR - Error : institutional investor data : HTTPSConnectionPool(host='www.twse.com.tw', port=443): Read timed out. (read timeout=10)
2024-12-14 15:50:14,192 - INFO - Successfully retrieved TWSE trading data for 20241201.
2024-12-14 15:50:14,217 - INFO - 新增了 1 筆資料並更新至 tx_closed_data.csv
2024-12-14 15:50:14,953 - INFO - Successfully extracted 臺股期貨 table data. Total rows: 3.
2024-12-14 15:50:14,979 - INFO - 新增了 3 筆資料並更新至 txf_data.csv
2024-12-14 15:50:15,546 - INFO - Successfully extracted 選擇權 table data. Total rows: 3.
2024-12-14 15:50:15,565 - INFO - 新增了 3 筆資料並更新至 txop_data.csv
2024-12-14 15:50:15,565 - INFO - End...
2024-12-15 15:50:03,795 - INFO - Start update 20241215...
2024-12-15 15:50:03,987 - WARNING - Failed to retrieve institutional investor data for 20241215. API Response: 很抱歉，沒有符合條件的資料!
2024-12-15 15:50:04,275 - INFO - Successfully retrieved TWSE trading data for 20241201.
2024-12-15 15:50:04,301 - INFO - 無新增資料，tx_closed_data.csv 檔案未變更。
2024-12-15 15:50:04,735 - INFO - Successfully extracted 臺股期貨 table data. Total rows: 3.
2024-12-15 15:50:04,762 - INFO - 無新增資料，txf_data.csv 檔案未變更。
2024-12-15 15:50:05,311 - INFO - Successfully extracted 選擇權 table data. Total rows: 3.
2024-12-15 15:50:05,335 - INFO - 無新增資料，txop_data.csv 檔案未變更。
2024-12-15 15:50:05,335 - INFO - End...
2024-12-16 15:50:03,823 - INFO - Start update 20241216...
2024-12-16 15:50:04,082 - INFO - Successfully retrieved institutional investor data for 20241216.
2024-12-16 15:50:04,108 - INFO - 新增了 6 筆資料並更新至 tx_fund_data.csv
2024-12-16 15:50:04,225 - INFO - Successfully retrieved TWSE trading data for 20241201.
2024-12-16 15:50:04,269 - INFO - 新增了 1 筆資料並更新至 tx_closed_data.csv
2024-12-16 15:50:04,982 - INFO - Successfully extracted 臺股期貨 table data. Total rows: 3.
2024-12-16 15:50:05,010 - INFO - 新增了 3 筆資料並更新至 txf_data.csv
2024-12-16 15:50:05,614 - INFO - Successfully extracted 選擇權 table data. Total rows: 3.
2024-12-16 15:50:05,652 - INFO - 新增了 3 筆資料並更新至 txop_data.csv
2024-12-16 15:50:05,653 - INFO - End...
2024-12-19 15:50:03,756 - INFO - Start update 20241219...
2024-12-19 15:50:03,925 - INFO - Successfully retrieved institutional investor data for 20241219.
2024-12-19 15:50:03,996 - INFO - 新增了 6 筆資料並更新至 tx_fund_data.csv
2024-12-19 15:50:04,126 - ERROR - Error : TWSE closed trading data : 520 Server Error:  for url: https://www.twse.com.tw/rwd/zh/afterTrading/FMTQIK?date=20241201&response=json
2024-12-19 15:50:04,919 - INFO - Successfully extracted 臺股期貨 table data. Total rows: 3.
2024-12-19 15:50:04,954 - INFO - 新增了 3 筆資料並更新至 txf_data.csv
2024-12-19 15:50:05,504 - INFO - Successfully extracted 選擇權 table data. Total rows: 3.
2024-12-19 15:50:05,524 - INFO - 新增了 3 筆資料並更新至 txop_data.csv
2024-12-19 15:50:05,524 - INFO - End...
2024-12-19 17:59:14,073 - INFO - Start update 20241219...
2024-12-19 17:59:14,213 - INFO - Successfully retrieved institutional investor data for 20241219.
2024-12-19 17:59:14,220 - INFO - 無新增資料，tx_fund_data.csv 檔案未變更。
2024-12-19 17:59:14,340 - INFO - Successfully retrieved TWSE trading data for 20241201.
2024-12-19 17:59:14,346 - INFO - 新增了 3 筆資料並更新至 tx_closed_data.csv
2024-12-19 17:59:14,782 - INFO - Successfully extracted 臺股期貨 table data. Total rows: 3.
2024-12-19 17:59:14,788 - INFO - 無新增資料，txf_data.csv 檔案未變更。
2024-12-19 17:59:15,148 - INFO - Successfully extracted 選擇權 table data. Total rows: 3.
2024-12-19 17:59:15,155 - INFO - 無新增資料，txop_data.csv 檔案未變更。
2024-12-19 17:59:15,155 - INFO - End...
2024-12-20 15:50:05,033 - INFO - Start update 20241220...
2024-12-20 15:50:05,430 - INFO - Successfully retrieved institutional investor data for 20241220.
2024-12-20 15:50:05,571 - INFO - 新增了 6 筆資料並更新至 tx_fund_data.csv
2024-12-20 15:50:05,741 - INFO - Successfully retrieved TWSE trading data for 20241201.
2024-12-20 15:50:05,773 - INFO - 新增了 1 筆資料並更新至 tx_closed_data.csv
2024-12-20 15:50:06,906 - INFO - Successfully extracted 臺股期貨 table data. Total rows: 3.
2024-12-20 15:50:06,953 - INFO - 新增了 3 筆資料並更新至 txf_data.csv
2024-12-20 15:50:07,489 - INFO - Successfully extracted 選擇權 table data. Total rows: 3.
2024-12-20 15:50:07,583 - INFO - 新增了 3 筆資料並更新至 txop_data.csv
2024-12-20 15:50:07,583 - INFO - End...
2024-12-21 15:50:03,575 - INFO - Start update 20241221...
2024-12-21 15:50:03,775 - WARNING - Failed to retrieve institutional investor data for 20241221. API Response: 很抱歉，沒有符合條件的資料!
2024-12-21 15:50:03,952 - INFO - Successfully retrieved TWSE trading data for 20241201.
2024-12-21 15:50:03,973 - INFO - 無新增資料，tx_closed_data.csv 檔案未變更。
2024-12-21 15:50:04,654 - INFO - Successfully extracted 臺股期貨 table data. Total rows: 3.
2024-12-21 15:50:04,679 - INFO - 無新增資料，txf_data.csv 檔案未變更。
2024-12-21 15:50:05,250 - INFO - Successfully extracted 選擇權 table data. Total rows: 3.
2024-12-21 15:50:05,275 - INFO - 無新增資料，txop_data.csv 檔案未變更。
2024-12-21 15:50:05,275 - INFO - End...
2024-12-22 15:50:06,318 - INFO - Start update 20241222...
2024-12-22 15:50:06,696 - ERROR - Error : institutional investor data : 520 Server Error:  for url: https://www.twse.com.tw/rwd/zh/fund/BFI82U?type=day&dayDate=20241222&response=json
2024-12-22 15:50:06,841 - INFO - Successfully retrieved TWSE trading data for 20241201.
2024-12-22 15:50:06,877 - INFO - 無新增資料，tx_closed_data.csv 檔案未變更。
2024-12-22 15:50:07,643 - INFO - Successfully extracted 臺股期貨 table data. Total rows: 3.
2024-12-22 15:50:07,673 - INFO - 無新增資料，txf_data.csv 檔案未變更。
2024-12-22 15:50:08,363 - INFO - Successfully extracted 選擇權 table data. Total rows: 3.
2024-12-22 15:50:08,401 - INFO - 無新增資料，txop_data.csv 檔案未變更。
2024-12-22 15:50:08,401 - INFO - End...
2024-12-23 15:50:03,707 - INFO - Start update 20241223...
2024-12-23 15:50:03,965 - INFO - Successfully retrieved institutional investor data for 20241223.
2024-12-23 15:50:04,009 - INFO - 新增了 6 筆資料並更新至 tx_fund_data.csv
2024-12-23 15:50:04,131 - ERROR - Error : TWSE closed trading data : 520 Server Error:  for url: https://www.twse.com.tw/rwd/zh/afterTrading/FMTQIK?date=20241201&response=json
2024-12-23 15:50:04,760 - INFO - Successfully extracted 臺股期貨 table data. Total rows: 3.
2024-12-23 15:50:04,813 - INFO - 新增了 3 筆資料並更新至 txf_data.csv
2024-12-23 15:50:05,311 - INFO - Successfully extracted 選擇權 table data. Total rows: 3.
2024-12-23 15:50:05,337 - INFO - 新增了 3 筆資料並更新至 txop_data.csv
2024-12-23 15:50:05,337 - INFO - End...
2024-12-26 15:50:08,089 - INFO - Start update 20241226...
2024-12-26 15:50:08,296 - INFO - Successfully retrieved institutional investor data for 20241226.
2024-12-26 15:50:08,370 - INFO - 新增了 6 筆資料並更新至 tx_fund_data.csv
2024-12-26 15:50:44,338 - INFO - Successfully retrieved TWSE trading data for 20241201.
2024-12-26 15:50:44,376 - INFO - 新增了 4 筆資料並更新至 tx_closed_data.csv
2024-12-26 15:50:44,916 - INFO - Successfully extracted 臺股期貨 table data. Total rows: 3.
2024-12-26 15:50:44,983 - INFO - 新增了 3 筆資料並更新至 txf_data.csv
2024-12-26 15:50:45,787 - INFO - Successfully extracted 選擇權 table data. Total rows: 3.
2024-12-26 15:50:45,833 - INFO - 新增了 3 筆資料並更新至 txop_data.csv
2024-12-26 15:50:45,834 - INFO - End...
2024-12-27 15:50:07,189 - INFO - Start update 20241227...
2024-12-27 15:50:07,392 - INFO - Successfully retrieved institutional investor data for 20241227.
2024-12-27 15:50:07,457 - INFO - 新增了 6 筆資料並更新至 tx_fund_data.csv
2024-12-27 15:50:07,693 - INFO - Successfully retrieved TWSE trading data for 20241201.
2024-12-27 15:50:07,716 - INFO - 新增了 1 筆資料並更新至 tx_closed_data.csv
2024-12-27 15:50:08,262 - INFO - Successfully extracted 臺股期貨 table data. Total rows: 3.
2024-12-27 15:50:08,314 - INFO - 新增了 3 筆資料並更新至 txf_data.csv
2024-12-27 15:50:09,099 - INFO - Successfully extracted 選擇權 table data. Total rows: 3.
2024-12-27 15:50:09,154 - INFO - 新增了 3 筆資料並更新至 txop_data.csv
2024-12-27 15:50:09,154 - INFO - End...
2024-12-28 15:50:03,257 - INFO - Start update 20241228...
2024-12-28 15:50:13,350 - ERROR - Error : institutional investor data : HTTPSConnectionPool(host='www.twse.com.tw', port=443): Read timed out. (read timeout=10)
2024-12-28 15:50:43,673 - INFO - Successfully retrieved TWSE trading data for 20241201.
2024-12-28 15:50:43,712 - INFO - 新增了 21 筆資料並更新至 tx_closed_data.csv
2024-12-28 15:50:44,454 - INFO - Successfully extracted 臺股期貨 table data. Total rows: 3.
2024-12-28 15:50:44,480 - INFO - 無新增資料，txf_data.csv 檔案未變更。
2024-12-28 15:50:45,067 - INFO - Successfully extracted 選擇權 table data. Total rows: 3.
2024-12-28 15:50:45,092 - INFO - 無新增資料，txop_data.csv 檔案未變更。
2024-12-28 15:50:45,092 - INFO - End...
2025-01-01 15:50:02,001 - INFO - Start update 20250101...
2025-01-01 15:50:02,099 - WARNING - Failed to retrieve institutional investor data for 20250101. API Response: 很抱歉，沒有符合條件的資料!
2025-01-01 15:50:02,168 - WARNING - Failed to retrieve TWSE trading data for 20250101. API Response: 很抱歉，沒有符合條件的資料!
2025-01-01 15:50:03,196 - INFO - Successfully extracted 臺股期貨 table data. Total rows: 3.
2025-01-01 15:50:03,227 - INFO - 新增了 3 筆資料並更新至 txf_data.csv
2025-01-01 15:50:03,710 - INFO - Successfully extracted 選擇權 table data. Total rows: 3.
2025-01-01 15:50:03,779 - INFO - 新增了 3 筆資料並更新至 txop_data.csv
2025-01-01 15:50:03,779 - INFO - End...
2025-01-03 15:50:03,536 - INFO - Start update 20250103...
2025-01-03 15:50:03,628 - ERROR - Error : institutional investor data : ('Connection aborted.', RemoteDisconnected('Remote end closed connection without response'))
2025-01-03 15:50:03,688 - ERROR - Error : TWSE closed trading data : ('Connection aborted.', RemoteDisconnected('Remote end closed connection without response'))
2025-01-03 15:50:04,293 - INFO - Successfully extracted 臺股期貨 table data. Total rows: 3.
2025-01-03 15:50:04,337 - INFO - 新增了 3 筆資料並更新至 txf_data.csv
2025-01-03 15:50:04,748 - INFO - Successfully extracted 選擇權 table data. Total rows: 3.
2025-01-03 15:50:04,769 - INFO - 新增了 3 筆資料並更新至 txop_data.csv
2025-01-03 15:50:04,770 - INFO - End...
2025-01-04 15:50:07,355 - INFO - Start update 20250104...
2025-01-04 15:50:07,496 - WARNING - Failed to retrieve institutional investor data for 20250104. API Response: 很抱歉，沒有符合條件的資料!
2025-01-04 15:50:44,372 - INFO - Successfully retrieved TWSE trading data for 20250101.
2025-01-04 15:50:44,407 - INFO - 新增了 2 筆資料並更新至 tx_closed_data.csv
2025-01-04 15:50:44,816 - INFO - Successfully extracted 臺股期貨 table data. Total rows: 3.
2025-01-04 15:50:44,843 - INFO - 無新增資料，txf_data.csv 檔案未變更。
2025-01-04 15:50:45,340 - INFO - Successfully extracted 選擇權 table data. Total rows: 3.
2025-01-04 15:50:45,354 - INFO - 無新增資料，txop_data.csv 檔案未變更。
2025-01-04 15:50:45,354 - INFO - End...
2025-01-05 15:50:03,730 - INFO - Start update 20250105...
2025-01-05 15:50:13,857 - ERROR - Error : institutional investor data : HTTPSConnectionPool(host='www.twse.com.tw', port=443): Read timed out. (read timeout=10)
2025-01-05 15:50:44,026 - INFO - Successfully retrieved TWSE trading data for 20250101.
2025-01-05 15:50:44,061 - INFO - 無新增資料，tx_closed_data.csv 檔案未變更。
2025-01-05 15:50:45,250 - INFO - Successfully extracted 臺股期貨 table data. Total rows: 3.
2025-01-05 15:50:45,270 - INFO - 無新增資料，txf_data.csv 檔案未變更。
2025-01-05 15:50:45,675 - INFO - Successfully extracted 選擇權 table data. Total rows: 3.
2025-01-05 15:50:45,701 - INFO - 無新增資料，txop_data.csv 檔案未變更。
2025-01-05 15:50:45,701 - INFO - End...
2025-01-06 15:50:03,517 - INFO - Start update 20250106...
2025-01-06 15:50:03,669 - INFO - Successfully retrieved institutional investor data for 20250106.
2025-01-06 15:50:03,702 - INFO - 新增了 6 筆資料並更新至 tx_fund_data.csv
2025-01-06 15:50:03,806 - INFO - Successfully retrieved TWSE trading data for 20250101.
2025-01-06 15:50:03,842 - INFO - 新增了 1 筆資料並更新至 tx_closed_data.csv
2025-01-06 15:50:04,421 - INFO - Successfully extracted 臺股期貨 table data. Total rows: 3.
2025-01-06 15:50:04,445 - INFO - 新增了 3 筆資料並更新至 txf_data.csv
2025-01-06 15:50:05,135 - INFO - Successfully extracted 選擇權 table data. Total rows: 3.
2025-01-06 15:50:05,161 - INFO - 新增了 3 筆資料並更新至 txop_data.csv
2025-01-06 15:50:05,161 - INFO - End...
2025-01-07 15:50:03,978 - INFO - Start update 20250107...
2025-01-07 15:50:04,145 - ERROR - Error : institutional investor data : 502 Server Error: Bad Gateway for url: https://www.twse.com.tw/rwd/zh/fund/BFI82U?type=day&dayDate=20250107&response=json
2025-01-07 15:50:04,248 - ERROR - Error : TWSE closed trading data : 502 Server Error: Bad Gateway for url: https://www.twse.com.tw/rwd/zh/afterTrading/FMTQIK?date=20250101&response=json
2025-01-07 15:50:04,713 - INFO - Successfully extracted 臺股期貨 table data. Total rows: 3.
2025-01-07 15:50:04,774 - INFO - 新增了 3 筆資料並更新至 txf_data.csv
2025-01-07 15:50:05,945 - INFO - Successfully extracted 選擇權 table data. Total rows: 3.
2025-01-07 15:50:05,978 - INFO - 新增了 3 筆資料並更新至 txop_data.csv
2025-01-07 15:50:05,978 - INFO - End...
2025-01-09 15:50:03,286 - INFO - Start update 20250109...
2025-01-09 15:50:13,390 - ERROR - Error : institutional investor data : HTTPSConnectionPool(host='www.twse.com.tw', port=443): Read timed out. (read timeout=10)
2025-01-09 15:50:47,721 - INFO - Successfully retrieved TWSE trading data for 20250101.
2025-01-09 15:50:47,753 - INFO - 新增了 3 筆資料並更新至 tx_closed_data.csv
2025-01-09 15:50:48,604 - INFO - Successfully extracted 臺股期貨 table data. Total rows: 3.
2025-01-09 15:50:48,647 - INFO - 新增了 3 筆資料並更新至 txf_data.csv
2025-01-09 15:50:50,369 - INFO - Successfully extracted 選擇權 table data. Total rows: 3.
2025-01-09 15:50:50,407 - INFO - 新增了 3 筆資料並更新至 txop_data.csv
2025-01-09 15:50:50,407 - INFO - End...
2025-01-12 15:50:06,027 - INFO - Start update 20250112...
2025-01-12 15:50:16,122 - ERROR - Error : institutional investor data : HTTPSConnectionPool(host='www.twse.com.tw', port=443): Read timed out. (read timeout=10)
2025-01-12 15:50:44,377 - INFO - Successfully retrieved TWSE trading data for 20250101.
2025-01-12 15:50:44,417 - INFO - 新增了 1 筆資料並更新至 tx_closed_data.csv
2025-01-12 15:50:44,896 - INFO - Successfully extracted 臺股期貨 table data. Total rows: 3.
2025-01-12 15:50:44,931 - INFO - 新增了 3 筆資料並更新至 txf_data.csv
2025-01-12 15:50:45,331 - INFO - Successfully extracted 選擇權 table data. Total rows: 3.
2025-01-12 15:50:45,368 - INFO - 新增了 3 筆資料並更新至 txop_data.csv
2025-01-12 15:50:45,368 - INFO - End...
2025-01-16 15:50:04,115 - INFO - Start update 20250116...
2025-01-16 15:50:24,282 - ERROR - Error : institutional investor data : HTTPSConnectionPool(host='www.twse.com.tw', port=443): Read timed out. (read timeout=10)
2025-01-16 15:50:28,459 - INFO - Successfully retrieved TWSE trading data for 20250101.
2025-01-16 15:50:28,505 - INFO - 新增了 4 筆資料並更新至 tx_closed_data.csv
2025-01-16 15:50:30,061 - INFO - Successfully extracted 臺股期貨 table data. Total rows: 3.
2025-01-16 15:50:30,101 - INFO - 新增了 3 筆資料並更新至 txf_data.csv
2025-01-16 15:50:30,633 - INFO - Successfully extracted 選擇權 table data. Total rows: 3.
2025-01-16 15:50:30,673 - INFO - 新增了 3 筆資料並更新至 txop_data.csv
2025-01-16 15:50:30,673 - INFO - End...
2025-01-20 15:50:07,479 - INFO - Start update 20250120...
2025-01-20 15:50:07,607 - ERROR - Error : institutional investor data : 502 Server Error: Bad Gateway for url: https://www.twse.com.tw/rwd/zh/fund/BFI82U?type=day&dayDate=20250120&response=json
2025-01-20 15:50:07,669 - ERROR - Error : TWSE closed trading data : 502 Server Error: Bad Gateway for url: https://www.twse.com.tw/rwd/zh/afterTrading/FMTQIK?date=20250101&response=json
2025-01-20 15:50:09,261 - INFO - Successfully extracted 臺股期貨 table data. Total rows: 3.
2025-01-20 15:50:09,350 - INFO - 新增了 3 筆資料並更新至 txf_data.csv
2025-01-20 15:50:09,981 - INFO - Successfully extracted 選擇權 table data. Total rows: 3.
2025-01-20 15:50:10,036 - INFO - 新增了 3 筆資料並更新至 txop_data.csv
2025-01-20 15:50:10,036 - INFO - End...
2025-01-21 15:50:07,209 - INFO - Start update 20250121...
2025-01-21 15:50:07,433 - INFO - Successfully retrieved institutional investor data for 20250121.
2025-01-21 15:50:07,505 - INFO - 新增了 6 筆資料並更新至 tx_fund_data.csv
2025-01-21 15:50:07,622 - INFO - Successfully retrieved TWSE trading data for 20250101.
2025-01-21 15:50:07,664 - INFO - 新增了 3 筆資料並更新至 tx_closed_data.csv
2025-01-21 15:50:08,257 - INFO - Successfully extracted 臺股期貨 table data. Total rows: 3.
2025-01-21 15:50:08,338 - INFO - 新增了 3 筆資料並更新至 txf_data.csv
2025-01-21 15:50:08,706 - INFO - Successfully extracted 選擇權 table data. Total rows: 3.
2025-01-21 15:50:08,766 - INFO - 新增了 3 筆資料並更新至 txop_data.csv
2025-01-21 15:50:08,766 - INFO - End...
2025-01-22 15:50:03,294 - INFO - Start update 20250122...
2025-01-22 15:50:13,461 - ERROR - Error : institutional investor data : HTTPSConnectionPool(host='www.twse.com.tw', port=443): Read timed out. (read timeout=10)
2025-01-22 15:50:26,686 - INFO - Successfully retrieved TWSE trading data for 20250101.
2025-01-22 15:50:26,745 - INFO - 新增了 1 筆資料並更新至 tx_closed_data.csv
2025-01-22 15:50:27,209 - INFO - Successfully extracted 臺股期貨 table data. Total rows: 3.
2025-01-22 15:50:27,253 - INFO - 新增了 3 筆資料並更新至 txf_data.csv
2025-01-22 15:50:27,618 - INFO - Successfully extracted 選擇權 table data. Total rows: 3.
2025-01-22 15:50:27,672 - INFO - 新增了 3 筆資料並更新至 txop_data.csv
2025-01-22 15:50:27,672 - INFO - End...
2025-01-23 15:50:03,617 - INFO - Start update 20250123...
2025-01-23 15:50:03,752 - ERROR - Error : institutional investor data : ('Connection aborted.', RemoteDisconnected('Remote end closed connection without response'))
2025-01-23 15:50:03,810 - ERROR - Error : TWSE closed trading data : ('Connection aborted.', RemoteDisconnected('Remote end closed connection without response'))
2025-01-23 15:50:05,495 - INFO - Successfully extracted 臺股期貨 table data. Total rows: 3.
2025-01-23 15:50:05,580 - INFO - 無新增資料，txf_data.csv 檔案未變更。
2025-01-23 15:50:06,698 - INFO - Successfully extracted 選擇權 table data. Total rows: 3.
2025-01-23 15:50:06,753 - INFO - 無新增資料，txop_data.csv 檔案未變更。
2025-01-23 15:50:06,753 - INFO - End...
2025-01-24 15:50:07,209 - INFO - Start update 20250124...
2025-01-24 15:50:17,321 - ERROR - Error : institutional investor data : HTTPSConnectionPool(host='www.twse.com.tw', port=443): Read timed out. (read timeout=10)
2025-01-24 15:50:26,405 - INFO - Successfully retrieved TWSE trading data for 20250101.
2025-01-24 15:50:26,441 - INFO - 無新增資料，tx_closed_data.csv 檔案未變更。
2025-01-24 15:50:27,182 - INFO - Successfully extracted 臺股期貨 table data. Total rows: 3.
2025-01-24 15:50:27,232 - INFO - 無新增資料，txf_data.csv 檔案未變更。
2025-01-24 15:50:28,239 - INFO - Successfully extracted 選擇權 table data. Total rows: 3.
2025-01-24 15:50:28,286 - INFO - 無新增資料，txop_data.csv 檔案未變更。
2025-01-24 15:50:28,286 - INFO - End...
